INFO 2026-03-16 20:15:06,931 views admin_license_dashboard method is loading....
INFO 2026-03-16 20:15:06,931 views admin_license_dashboard method is loading done....
INFO 2026-03-16 20:15:15,135 views admin_license_dashboard method is loading....
INFO 2026-03-16 20:15:15,136 views admin_license_dashboard method is loading done....
INFO 2026-03-16 20:15:16,163 views admin_license_dashboard method is loading....
INFO 2026-03-16 20:15:16,164 views admin_license_dashboard method is loading done....
INFO 2026-03-16 20:15:16,366 views admin_license_dashboard method is loading....
INFO 2026-03-16 20:15:16,366 views admin_license_dashboard method is loading done....
INFO 2026-03-16 20:15:16,581 views admin_license_dashboard method is loading....
INFO 2026-03-16 20:15:16,582 views admin_license_dashboard method is loading done....
INFO 2026-03-16 20:15:16,806 views admin_license_dashboard method is loading....
INFO 2026-03-16 20:15:16,807 views admin_license_dashboard method is loading done....
INFO 2026-03-16 20:15:17,590 views admin_license_dashboard method is loading....
INFO 2026-03-16 20:15:17,590 views admin_license_dashboard method is loading done....
INFO 2026-03-16 20:15:17,818 views admin_license_dashboard method is loading....
INFO 2026-03-16 20:15:17,819 views admin_license_dashboard method is loading done....
INFO 2026-03-16 20:15:18,040 views admin_license_dashboard method is loading....
INFO 2026-03-16 20:15:18,040 views admin_license_dashboard method is loading done....
INFO 2026-03-16 20:15:18,267 views admin_license_dashboard method is loading....
INFO 2026-03-16 20:15:18,267 views admin_license_dashboard method is loading done....
INFO 2026-03-16 20:15:32,866 views home method is loading....
INFO 2026-03-16 20:15:32,866 app_api home method is loading....
INFO 2026-03-16 20:15:32,882 app_api home method is loading done....
INFO 2026-03-16 20:15:32,882 views home method is loading done....
INFO 2026-03-16 20:15:40,022 views home method is loading....
INFO 2026-03-16 20:15:40,022 app_api home method is loading....
INFO 2026-03-16 20:15:40,038 app_api home method is loading done....
INFO 2026-03-16 20:15:40,038 views home method is loading done....
INFO 2026-03-16 20:16:01,249 views home method is loading....
INFO 2026-03-16 20:16:01,250 app_api home method is loading....
INFO 2026-03-16 20:16:01,268 app_api home method is loading done....
INFO 2026-03-16 20:16:01,268 views home method is loading done....
INFO 2026-03-16 20:23:42,609 views home method is loading....
INFO 2026-03-16 20:23:42,609 app_api home method is loading....
INFO 2026-03-16 20:23:42,618 app_api home method is loading done....
INFO 2026-03-16 20:23:42,619 views home method is loading done....
INFO 2026-03-16 20:23:49,546 views home method is loading....
INFO 2026-03-16 20:23:49,547 app_api home method is loading....
INFO 2026-03-16 20:23:49,558 app_api home method is loading done....
INFO 2026-03-16 20:23:49,559 views home method is loading done....
INFO 2026-03-16 20:23:50,355 views home method is loading....
INFO 2026-03-16 20:23:50,356 app_api home method is loading....
INFO 2026-03-16 20:23:50,360 views manuals method is loading....
INFO 2026-03-16 20:23:50,361 app_api manuals method is loading....
INFO 2026-03-16 20:23:50,361 app_api manuals method is loading done....
INFO 2026-03-16 20:23:50,361 views manuals method is loading done....
INFO 2026-03-16 20:23:50,372 app_api home method is loading done....
INFO 2026-03-16 20:23:50,372 views home method is loading done....
INFO 2026-03-16 20:23:51,641 views manuals method is loading....
INFO 2026-03-16 20:23:51,641 app_api manuals method is loading....
INFO 2026-03-16 20:23:51,641 app_api manuals method is loading done....
INFO 2026-03-16 20:23:51,642 views manuals method is loading done....
INFO 2026-03-16 20:23:52,546 views hospital_profile method is loading....
INFO 2026-03-16 20:23:52,546 app_api states method is loading....
INFO 2026-03-16 20:23:52,546 app_api states method is loading done....
INFO 2026-03-16 20:23:52,546 views hospital_profile method is loading done....
INFO 2026-03-16 20:23:53,364 views app_configuration method is loading....
INFO 2026-03-16 20:23:53,364 app_api app_configuration method is loading....
INFO 2026-03-16 20:23:53,366 app_api app_configuration method is loading done....
INFO 2026-03-16 20:23:53,366 views app_configuration method is loading done....
INFO 2026-03-16 20:23:55,045 views hospital_profile method is loading....
INFO 2026-03-16 20:23:55,045 app_api states method is loading....
INFO 2026-03-16 20:23:55,045 app_api states method is loading done....
INFO 2026-03-16 20:23:55,045 views hospital_profile method is loading done....
INFO 2026-03-16 20:23:55,972 views home method is loading....
INFO 2026-03-16 20:23:55,973 app_api home method is loading....
INFO 2026-03-16 20:23:55,989 app_api home method is loading done....
INFO 2026-03-16 20:23:55,989 views home method is loading done....
INFO 2026-03-16 20:23:56,873 views patients method is loading....
INFO 2026-03-16 20:23:56,873 app_api patients method is loading....
INFO 2026-03-16 20:23:56,875 app_api patients method is loading done....
INFO 2026-03-16 20:23:56,875 views patients method is loading done....
INFO 2026-03-16 20:23:57,807 views reports method is loading....
INFO 2026-03-16 20:23:57,807 app_api reports method is loading....
INFO 2026-03-16 20:23:57,810 app_api reports method is loading done....
INFO 2026-03-16 20:23:57,810 views reports method is loading done....
INFO 2026-03-16 20:23:58,689 views about method is loading....
INFO 2026-03-16 20:23:58,690 app_api about_content method is loading....
INFO 2026-03-16 20:23:58,693 app_api about_content method is loading done....
INFO 2026-03-16 20:23:58,693 views about method is loading done....
INFO 2026-03-16 20:23:59,382 views hospital_profile method is loading....
INFO 2026-03-16 20:23:59,383 app_api states method is loading....
INFO 2026-03-16 20:23:59,383 app_api states method is loading done....
INFO 2026-03-16 20:23:59,383 views hospital_profile method is loading done....
INFO 2026-03-16 20:23:59,922 views customer_support method is loading....
INFO 2026-03-16 20:23:59,922 app_api customer_support method is loading....
INFO 2026-03-16 20:23:59,922 app_api customer_support method is loading done....
INFO 2026-03-16 20:23:59,922 views customer_support method is loading done....
INFO 2026-03-16 20:24:00,538 views hospital_profile method is loading....
INFO 2026-03-16 20:24:00,538 app_api states method is loading....
INFO 2026-03-16 20:24:00,539 app_api states method is loading done....
INFO 2026-03-16 20:24:00,539 views hospital_profile method is loading done....
INFO 2026-03-16 20:24:01,155 views about method is loading....
INFO 2026-03-16 20:24:01,155 app_api about_content method is loading....
INFO 2026-03-16 20:24:01,159 app_api about_content method is loading done....
INFO 2026-03-16 20:24:01,159 views about method is loading done....
INFO 2026-03-16 20:24:02,978 views customer_support method is loading....
INFO 2026-03-16 20:24:02,979 app_api customer_support method is loading....
INFO 2026-03-16 20:24:02,980 app_api customer_support method is loading done....
INFO 2026-03-16 20:24:02,980 views customer_support method is loading done....
INFO 2026-03-16 20:24:06,509 views home method is loading....
INFO 2026-03-16 20:24:06,509 app_api home method is loading....
INFO 2026-03-16 20:24:06,527 app_api home method is loading done....
INFO 2026-03-16 20:24:06,527 views home method is loading done....
INFO 2026-03-16 20:24:09,968 views signout method is loading....
INFO 2026-03-16 20:24:09,969 app_api user_signout method is loading....
INFO 2026-03-16 20:24:09,974 app_api user_signout method is loading done....
INFO 2026-03-16 20:24:09,978 views signin method is loading....
INFO 2026-03-16 20:24:09,993 views signin method is loading done....
INFO 2026-03-16 20:24:17,477 views signin method is loading....
INFO 2026-03-16 20:24:17,478 app_api user_signin method is loading....
INFO 2026-03-16 20:24:17,569 app_api user_signin method is loading done....
INFO 2026-03-16 20:24:17,570 views signin method is loading done....
INFO 2026-03-16 20:24:23,773 views signin method is loading....
INFO 2026-03-16 20:24:23,774 app_api user_signin method is loading....
INFO 2026-03-16 20:24:23,863 app_api user_signin method is loading done....
INFO 2026-03-16 20:24:23,863 views signin method is loading done....
INFO 2026-03-16 20:24:32,043 views signin method is loading....
INFO 2026-03-16 20:24:32,045 app_api user_signin method is loading....
INFO 2026-03-16 20:24:32,123 app_api user_signin method is loading done....
INFO 2026-03-16 20:24:32,123 views signin method is loading done....
INFO 2026-03-16 20:24:36,333 views signin method is loading....
INFO 2026-03-16 20:24:36,334 views signin method is loading done....
INFO 2026-03-16 20:24:40,679 views signin method is loading....
INFO 2026-03-16 20:24:40,680 views signin method is loading done....
INFO 2026-03-16 20:24:46,759 views signin method is loading....
INFO 2026-03-16 20:24:46,760 views signin method is loading done....
INFO 2026-03-16 20:27:47,878 views signin method is loading....
INFO 2026-03-16 20:27:47,882 app_api user_signin method is loading....
INFO 2026-03-16 20:27:47,972 app_api user_signin method is loading done....
INFO 2026-03-16 20:27:47,972 views signin method is loading done....
INFO 2026-03-16 20:27:54,227 views signin method is loading....
INFO 2026-03-16 20:27:54,228 app_api user_signin method is loading....
INFO 2026-03-16 20:27:54,319 app_api user_signin method is loading done....
INFO 2026-03-16 20:27:54,319 views signin method is loading done....
INFO 2026-03-16 20:35:47,484 views signin method is loading....
INFO 2026-03-16 20:35:47,487 app_api user_signin method is loading....
INFO 2026-03-16 20:35:47,636 app_api user_signin method is loading done....
INFO 2026-03-16 20:35:47,640 views home method is loading....
INFO 2026-03-16 20:35:47,640 app_api home method is loading....
INFO 2026-03-16 20:35:47,646 app_api home method is loading done....
INFO 2026-03-16 20:35:47,647 views home method is loading done....
INFO 2026-03-16 20:37:47,511 views home method is loading....
INFO 2026-03-16 20:37:47,513 app_api home method is loading....
INFO 2026-03-16 20:37:47,526 app_api home method is loading done....
INFO 2026-03-16 20:37:47,526 views home method is loading done....
INFO 2026-03-16 20:46:00,603 views admin_license_dashboard method is loading....
INFO 2026-03-16 20:46:00,605 views admin_license_dashboard method is loading done....
INFO 2026-03-17 19:29:57,667 views signin method is loading....
INFO 2026-03-17 19:29:57,669 views license_activation method is loading....
INFO 2026-03-17 19:29:57,669 views license_activation method is loading done....
INFO 2026-03-17 19:30:04,639 views signin method is loading....
INFO 2026-03-17 19:30:04,641 views license_activation method is loading....
INFO 2026-03-17 19:30:04,641 views license_activation method is loading done....
INFO 2026-03-17 20:07:50,605 views signin method is loading....
INFO 2026-03-17 20:07:50,606 views signin method is loading done....
INFO 2026-03-17 20:08:05,182 views signin method is loading....
INFO 2026-03-17 20:08:05,182 views signin method is loading done....
INFO 2026-03-17 20:08:16,938 views signin method is loading....
INFO 2026-03-17 20:08:16,939 app_api user_signin method is loading....
INFO 2026-03-17 20:08:17,236 app_api user_signin method is loading done....
INFO 2026-03-17 20:08:17,242 views home method is loading....
INFO 2026-03-17 20:08:17,242 app_api home method is loading....
INFO 2026-03-17 20:08:17,248 app_api home method is loading done....
INFO 2026-03-17 20:08:17,248 views home method is loading done....
INFO 2026-03-17 20:08:20,016 views home method is loading....
INFO 2026-03-17 20:08:20,016 app_api home method is loading....
INFO 2026-03-17 20:08:20,025 views manuals method is loading....
INFO 2026-03-17 20:08:20,026 app_api manuals method is loading....
INFO 2026-03-17 20:08:20,026 app_api manuals method is loading done....
INFO 2026-03-17 20:08:20,026 views manuals method is loading done....
INFO 2026-03-17 20:08:20,038 app_api home method is loading done....
INFO 2026-03-17 20:08:20,038 views home method is loading done....
INFO 2026-03-17 20:08:23,069 views hospital_profile method is loading....
INFO 2026-03-17 20:08:23,069 app_api states method is loading....
INFO 2026-03-17 20:08:23,069 app_api states method is loading done....
INFO 2026-03-17 20:08:23,069 views hospital_profile method is loading done....
INFO 2026-03-17 20:08:24,457 views app_configuration method is loading....
INFO 2026-03-17 20:08:24,458 app_api app_configuration method is loading....
INFO 2026-03-17 20:08:24,461 app_api app_configuration method is loading done....
INFO 2026-03-17 20:08:24,462 views app_configuration method is loading done....
INFO 2026-03-17 20:08:25,942 views about method is loading....
INFO 2026-03-17 20:08:25,942 app_api about_content method is loading....
INFO 2026-03-17 20:08:25,945 app_api about_content method is loading done....
INFO 2026-03-17 20:08:25,945 views about method is loading done....
INFO 2026-03-17 20:08:26,523 views reports method is loading....
INFO 2026-03-17 20:08:26,523 app_api reports method is loading....
INFO 2026-03-17 20:08:26,526 app_api reports method is loading done....
INFO 2026-03-17 20:08:26,526 views reports method is loading done....
INFO 2026-03-17 20:08:27,126 views patients method is loading....
INFO 2026-03-17 20:08:27,126 app_api patients method is loading....
INFO 2026-03-17 20:08:27,129 app_api patients method is loading done....
INFO 2026-03-17 20:08:27,129 views patients method is loading done....
INFO 2026-03-17 20:08:27,986 views home method is loading....
INFO 2026-03-17 20:08:27,986 app_api home method is loading....
INFO 2026-03-17 20:08:28,002 app_api home method is loading done....
INFO 2026-03-17 20:08:28,003 views home method is loading done....
INFO 2026-03-17 20:08:29,358 views hospital_profile method is loading....
INFO 2026-03-17 20:08:29,359 app_api states method is loading....
INFO 2026-03-17 20:08:29,359 app_api states method is loading done....
INFO 2026-03-17 20:08:29,359 views hospital_profile method is loading done....
INFO 2026-03-17 20:08:30,412 views about method is loading....
INFO 2026-03-17 20:08:30,412 app_api about_content method is loading....
INFO 2026-03-17 20:08:30,415 app_api about_content method is loading done....
INFO 2026-03-17 20:08:30,415 views about method is loading done....
INFO 2026-03-17 20:08:31,840 views hospital_profile method is loading....
INFO 2026-03-17 20:08:31,840 app_api states method is loading....
INFO 2026-03-17 20:08:31,840 app_api states method is loading done....
INFO 2026-03-17 20:08:31,841 views hospital_profile method is loading done....
INFO 2026-03-17 20:08:33,568 views reports method is loading....
INFO 2026-03-17 20:08:33,568 app_api reports method is loading....
INFO 2026-03-17 20:08:33,571 app_api reports method is loading done....
INFO 2026-03-17 20:08:33,571 views reports method is loading done....
INFO 2026-03-17 20:08:35,617 views hospital_profile method is loading....
INFO 2026-03-17 20:08:35,618 app_api states method is loading....
INFO 2026-03-17 20:08:35,618 app_api states method is loading done....
INFO 2026-03-17 20:08:35,618 views hospital_profile method is loading done....
INFO 2026-03-17 20:08:36,541 views customer_support method is loading....
INFO 2026-03-17 20:08:36,542 app_api customer_support method is loading....
INFO 2026-03-17 20:08:36,542 app_api customer_support method is loading done....
INFO 2026-03-17 20:08:36,543 views customer_support method is loading done....
INFO 2026-03-17 20:08:41,762 views about method is loading....
INFO 2026-03-17 20:08:41,763 app_api about_content method is loading....
INFO 2026-03-17 20:08:41,766 app_api about_content method is loading done....
INFO 2026-03-17 20:08:41,766 views about method is loading done....
INFO 2026-03-17 20:08:42,308 views reports method is loading....
INFO 2026-03-17 20:08:42,309 app_api reports method is loading....
INFO 2026-03-17 20:08:42,313 app_api reports method is loading done....
INFO 2026-03-17 20:08:42,313 views reports method is loading done....
INFO 2026-03-17 20:08:42,846 views patients method is loading....
INFO 2026-03-17 20:08:42,846 app_api patients method is loading....
INFO 2026-03-17 20:08:42,847 app_api patients method is loading done....
INFO 2026-03-17 20:08:42,847 views patients method is loading done....
INFO 2026-03-17 20:08:43,646 views home method is loading....
INFO 2026-03-17 20:08:43,646 app_api home method is loading....
INFO 2026-03-17 20:08:43,665 app_api home method is loading done....
INFO 2026-03-17 20:08:43,666 views home method is loading done....
INFO 2026-03-17 20:08:44,592 views hospital_profile method is loading....
INFO 2026-03-17 20:08:44,592 app_api states method is loading....
INFO 2026-03-17 20:08:44,593 app_api states method is loading done....
INFO 2026-03-17 20:08:44,593 views hospital_profile method is loading done....
INFO 2026-03-17 20:08:46,858 views customer_support method is loading....
INFO 2026-03-17 20:08:46,858 app_api customer_support method is loading....
INFO 2026-03-17 20:08:46,858 app_api customer_support method is loading done....
INFO 2026-03-17 20:08:46,858 views customer_support method is loading done....
INFO 2026-03-17 20:08:47,741 views hospital_profile method is loading....
INFO 2026-03-17 20:08:47,742 app_api states method is loading....
INFO 2026-03-17 20:08:47,742 app_api states method is loading done....
INFO 2026-03-17 20:08:47,742 views hospital_profile method is loading done....
INFO 2026-03-17 20:08:49,097 views about method is loading....
INFO 2026-03-17 20:08:49,098 app_api about_content method is loading....
INFO 2026-03-17 20:08:49,100 app_api about_content method is loading done....
INFO 2026-03-17 20:08:49,100 views about method is loading done....
INFO 2026-03-17 20:08:49,817 views reports method is loading....
INFO 2026-03-17 20:08:49,817 app_api reports method is loading....
INFO 2026-03-17 20:08:49,820 app_api reports method is loading done....
INFO 2026-03-17 20:08:49,820 views reports method is loading done....
INFO 2026-03-17 20:08:50,726 views patients method is loading....
INFO 2026-03-17 20:08:50,726 app_api patients method is loading....
INFO 2026-03-17 20:08:50,727 app_api patients method is loading done....
INFO 2026-03-17 20:08:50,727 views patients method is loading done....
INFO 2026-03-17 20:08:51,807 views home method is loading....
INFO 2026-03-17 20:08:51,808 app_api home method is loading....
INFO 2026-03-17 20:08:51,823 app_api home method is loading done....
INFO 2026-03-17 20:08:51,824 views home method is loading done....
INFO 2026-03-17 20:08:53,066 views hospital_profile method is loading....
INFO 2026-03-17 20:08:53,066 app_api states method is loading....
INFO 2026-03-17 20:08:53,066 app_api states method is loading done....
INFO 2026-03-17 20:08:53,067 views hospital_profile method is loading done....
INFO 2026-03-17 20:08:54,211 views app_configuration method is loading....
INFO 2026-03-17 20:08:54,212 app_api app_configuration method is loading....
INFO 2026-03-17 20:08:54,215 app_api app_configuration method is loading done....
INFO 2026-03-17 20:08:54,215 views app_configuration method is loading done....
INFO 2026-03-17 20:09:00,492 views hospital_profile method is loading....
INFO 2026-03-17 20:09:00,492 app_api states method is loading....
INFO 2026-03-17 20:09:00,492 app_api states method is loading done....
INFO 2026-03-17 20:09:00,492 views hospital_profile method is loading done....
INFO 2026-03-17 20:09:01,356 views app_configuration method is loading....
INFO 2026-03-17 20:09:01,356 app_api app_configuration method is loading....
INFO 2026-03-17 20:09:01,361 app_api app_configuration method is loading done....
INFO 2026-03-17 20:09:01,361 views app_configuration method is loading done....
