INFO 2026-03-14 06:40:30,759 views signin method is loading....
INFO 2026-03-14 06:40:30,760 views signin method is loading done....
INFO 2026-03-14 06:40:40,042 views signin method is loading....
INFO 2026-03-14 06:40:40,042 app_api user_signin method is loading....
INFO 2026-03-14 06:40:40,225 app_api user_signin method is loading done....
INFO 2026-03-14 06:40:40,227 views home method is loading....
INFO 2026-03-14 06:40:40,227 app_api home method is loading....
INFO 2026-03-14 06:40:40,234 app_api home method is loading done....
INFO 2026-03-14 06:40:40,234 views home method is loading done....
INFO 2026-03-14 06:41:29,919 views home method is loading....
INFO 2026-03-14 06:41:29,919 app_api home method is loading....
INFO 2026-03-14 06:41:29,935 app_api home method is loading done....
INFO 2026-03-14 06:41:29,935 views home method is loading done....
INFO 2026-03-14 06:47:57,573 views home method is loading....
INFO 2026-03-14 06:47:57,573 app_api home method is loading....
INFO 2026-03-14 06:47:57,587 app_api home method is loading done....
INFO 2026-03-14 06:47:57,588 views home method is loading done....
INFO 2026-03-14 06:48:12,917 views home method is loading....
INFO 2026-03-14 06:48:12,917 app_api home method is loading....
INFO 2026-03-14 06:48:12,934 app_api home method is loading done....
INFO 2026-03-14 06:48:12,935 views home method is loading done....
INFO 2026-03-14 06:48:15,315 views home method is loading....
INFO 2026-03-14 06:48:15,315 app_api home method is loading....
INFO 2026-03-14 06:48:15,334 app_api home method is loading done....
INFO 2026-03-14 06:48:15,334 views home method is loading done....
INFO 2026-03-14 06:48:15,969 views home method is loading....
INFO 2026-03-14 06:48:15,970 app_api home method is loading....
INFO 2026-03-14 06:48:15,979 views manuals method is loading....
INFO 2026-03-14 06:48:15,979 app_api manuals method is loading....
INFO 2026-03-14 06:48:15,980 app_api manuals method is loading done....
INFO 2026-03-14 06:48:15,980 views manuals method is loading done....
INFO 2026-03-14 06:48:15,993 app_api home method is loading done....
INFO 2026-03-14 06:48:15,993 views home method is loading done....
INFO 2026-03-14 06:48:18,017 views manuals method is loading....
INFO 2026-03-14 06:48:18,017 app_api manuals method is loading....
INFO 2026-03-14 06:48:18,017 app_api manuals method is loading done....
INFO 2026-03-14 06:48:18,017 views manuals method is loading done....
INFO 2026-03-14 06:48:18,717 views manuals method is loading....
INFO 2026-03-14 06:48:18,717 app_api manuals method is loading....
INFO 2026-03-14 06:48:18,718 app_api manuals method is loading done....
INFO 2026-03-14 06:48:18,718 views manuals method is loading done....
INFO 2026-03-14 06:48:19,279 views manuals method is loading....
INFO 2026-03-14 06:48:19,279 app_api manuals method is loading....
INFO 2026-03-14 06:48:19,279 app_api manuals method is loading done....
INFO 2026-03-14 06:48:19,279 views manuals method is loading done....
INFO 2026-03-14 06:48:23,717 views manuals_view method is loading....
INFO 2026-03-14 06:48:23,718 app_api manuals_view method is loading....
INFO 2026-03-14 06:48:23,718 app_api manuals_view method is loading done....
INFO 2026-03-14 06:48:23,718 views manuals_view method is loading done....
INFO 2026-03-14 06:48:25,568 views manuals method is loading....
INFO 2026-03-14 06:48:25,569 app_api manuals method is loading....
INFO 2026-03-14 06:48:25,569 app_api manuals method is loading done....
INFO 2026-03-14 06:48:25,569 views manuals method is loading done....
INFO 2026-03-14 06:48:26,283 views manuals method is loading....
INFO 2026-03-14 06:48:26,283 app_api manuals method is loading....
INFO 2026-03-14 06:48:26,283 app_api manuals method is loading done....
INFO 2026-03-14 06:48:26,284 views manuals method is loading done....
INFO 2026-03-14 06:48:28,115 views manuals_view method is loading....
INFO 2026-03-14 06:48:28,115 app_api manuals_view method is loading....
INFO 2026-03-14 06:48:28,116 app_api manuals_view method is loading done....
INFO 2026-03-14 06:48:28,116 views manuals_view method is loading done....
INFO 2026-03-14 06:48:29,345 views manuals method is loading....
INFO 2026-03-14 06:48:29,345 app_api manuals method is loading....
INFO 2026-03-14 06:48:29,346 app_api manuals method is loading done....
INFO 2026-03-14 06:48:29,346 views manuals method is loading done....
INFO 2026-03-14 06:48:30,458 views home method is loading....
INFO 2026-03-14 06:48:30,458 app_api home method is loading....
INFO 2026-03-14 06:48:30,476 app_api home method is loading done....
INFO 2026-03-14 06:48:30,476 views home method is loading done....
INFO 2026-03-14 06:48:31,265 views patients method is loading....
INFO 2026-03-14 06:48:31,265 app_api patients method is loading....
INFO 2026-03-14 06:48:31,266 app_api patients method is loading done....
INFO 2026-03-14 06:48:31,266 views patients method is loading done....
INFO 2026-03-14 06:48:33,085 views reports method is loading....
INFO 2026-03-14 06:48:33,085 app_api reports method is loading....
INFO 2026-03-14 06:48:33,088 app_api reports method is loading done....
INFO 2026-03-14 06:48:33,088 views reports method is loading done....
INFO 2026-03-14 06:48:34,076 views about method is loading....
INFO 2026-03-14 06:48:34,076 app_api about_content method is loading....
INFO 2026-03-14 06:48:34,078 app_api about_content method is loading done....
INFO 2026-03-14 06:48:34,078 views about method is loading done....
INFO 2026-03-14 06:54:26,246 views customer_support method is loading....
INFO 2026-03-14 06:54:26,247 app_api customer_support method is loading....
INFO 2026-03-14 06:54:26,247 app_api customer_support method is loading done....
INFO 2026-03-14 06:54:26,248 views customer_support method is loading done....
INFO 2026-03-14 06:55:22,988 views reports method is loading....
INFO 2026-03-14 06:55:22,989 app_api reports method is loading....
INFO 2026-03-14 06:55:22,990 app_api reports method is loading done....
INFO 2026-03-14 06:55:22,990 views reports method is loading done....
INFO 2026-03-14 06:55:27,848 views home method is loading....
INFO 2026-03-14 06:55:27,848 app_api home method is loading....
INFO 2026-03-14 06:55:27,867 app_api home method is loading done....
INFO 2026-03-14 06:55:27,867 views home method is loading done....
INFO 2026-03-14 06:55:56,115 views home method is loading....
INFO 2026-03-14 06:55:56,115 app_api home method is loading....
INFO 2026-03-14 06:55:56,132 app_api home method is loading done....
INFO 2026-03-14 06:55:56,132 views home method is loading done....
INFO 2026-03-14 06:56:07,864 views hospital_profile method is loading....
INFO 2026-03-14 06:56:07,864 app_api states method is loading....
INFO 2026-03-14 06:56:07,865 app_api states method is loading done....
INFO 2026-03-14 06:56:07,865 views hospital_profile method is loading done....
INFO 2026-03-14 06:56:09,783 views doctors method is loading....
INFO 2026-03-14 06:56:09,783 app_api doctors method is loading....
INFO 2026-03-14 06:56:09,785 app_api doctors method is loading done....
INFO 2026-03-14 06:56:09,785 views doctors method is loading done....
INFO 2026-03-14 06:56:13,282 views patients method is loading....
INFO 2026-03-14 06:56:13,282 app_api patients method is loading....
INFO 2026-03-14 06:56:13,283 app_api patients method is loading done....
INFO 2026-03-14 06:56:13,283 views patients method is loading done....
INFO 2026-03-14 06:56:14,382 views app_configuration method is loading....
INFO 2026-03-14 06:56:14,382 app_api app_configuration method is loading....
INFO 2026-03-14 06:56:14,385 app_api app_configuration method is loading done....
INFO 2026-03-14 06:56:14,385 views app_configuration method is loading done....
INFO 2026-03-14 06:56:16,064 views doctors method is loading....
INFO 2026-03-14 06:56:16,064 app_api doctors method is loading....
INFO 2026-03-14 06:56:16,065 app_api doctors method is loading done....
INFO 2026-03-14 06:56:16,065 views doctors method is loading done....
INFO 2026-03-14 06:56:16,949 views hospital_profile method is loading....
INFO 2026-03-14 06:56:16,949 app_api states method is loading....
INFO 2026-03-14 06:56:16,949 app_api states method is loading done....
INFO 2026-03-14 06:56:16,949 views hospital_profile method is loading done....
INFO 2026-03-14 06:56:17,743 views doctors method is loading....
INFO 2026-03-14 06:56:17,744 app_api doctors method is loading....
INFO 2026-03-14 06:56:17,745 app_api doctors method is loading done....
INFO 2026-03-14 06:56:17,745 views doctors method is loading done....
INFO 2026-03-14 06:56:18,549 views patients method is loading....
INFO 2026-03-14 06:56:18,549 app_api patients method is loading....
INFO 2026-03-14 06:56:18,550 app_api patients method is loading done....
INFO 2026-03-14 06:56:18,550 views patients method is loading done....
INFO 2026-03-14 06:56:19,381 views app_configuration method is loading....
INFO 2026-03-14 06:56:19,382 app_api app_configuration method is loading....
INFO 2026-03-14 06:56:19,384 app_api app_configuration method is loading done....
INFO 2026-03-14 06:56:19,384 views app_configuration method is loading done....
INFO 2026-03-14 06:56:20,547 views patients method is loading....
INFO 2026-03-14 06:56:20,548 app_api patients method is loading....
INFO 2026-03-14 06:56:20,549 app_api patients method is loading done....
INFO 2026-03-14 06:56:20,549 views patients method is loading done....
INFO 2026-03-14 06:56:21,327 views doctors method is loading....
INFO 2026-03-14 06:56:21,327 app_api doctors method is loading....
INFO 2026-03-14 06:56:21,328 app_api doctors method is loading done....
INFO 2026-03-14 06:56:21,328 views doctors method is loading done....
INFO 2026-03-14 06:56:22,249 views hospital_profile method is loading....
INFO 2026-03-14 06:56:22,249 app_api states method is loading....
INFO 2026-03-14 06:56:22,249 app_api states method is loading done....
INFO 2026-03-14 06:56:22,249 views hospital_profile method is loading done....
INFO 2026-03-14 06:56:27,149 views doctors method is loading....
INFO 2026-03-14 06:56:27,149 app_api doctors method is loading....
INFO 2026-03-14 06:56:27,150 app_api doctors method is loading done....
INFO 2026-03-14 06:56:27,150 views doctors method is loading done....
INFO 2026-03-14 06:56:27,964 views patients method is loading....
INFO 2026-03-14 06:56:27,964 app_api patients method is loading....
INFO 2026-03-14 06:56:27,965 app_api patients method is loading done....
INFO 2026-03-14 06:56:27,965 views patients method is loading done....
INFO 2026-03-14 06:56:28,749 views app_configuration method is loading....
INFO 2026-03-14 06:56:28,750 app_api app_configuration method is loading....
INFO 2026-03-14 06:56:28,753 app_api app_configuration method is loading done....
INFO 2026-03-14 06:56:28,753 views app_configuration method is loading done....
INFO 2026-03-14 06:56:29,949 views hospital_profile method is loading....
INFO 2026-03-14 06:56:29,949 app_api states method is loading....
INFO 2026-03-14 06:56:29,949 app_api states method is loading done....
INFO 2026-03-14 06:56:29,949 views hospital_profile method is loading done....
INFO 2026-03-14 06:56:31,065 views doctors method is loading....
INFO 2026-03-14 06:56:31,065 app_api doctors method is loading....
INFO 2026-03-14 06:56:31,066 app_api doctors method is loading done....
INFO 2026-03-14 06:56:31,067 views doctors method is loading done....
INFO 2026-03-14 06:56:31,827 views patients method is loading....
INFO 2026-03-14 06:56:31,827 app_api patients method is loading....
INFO 2026-03-14 06:56:31,828 app_api patients method is loading done....
INFO 2026-03-14 06:56:31,828 views patients method is loading done....
INFO 2026-03-14 06:56:32,530 views app_configuration method is loading....
INFO 2026-03-14 06:56:32,531 app_api app_configuration method is loading....
INFO 2026-03-14 06:56:32,533 app_api app_configuration method is loading done....
INFO 2026-03-14 06:56:32,533 views app_configuration method is loading done....
INFO 2026-03-14 06:56:34,008 views hospital_profile method is loading....
INFO 2026-03-14 06:56:34,008 app_api states method is loading....
INFO 2026-03-14 06:56:34,008 app_api states method is loading done....
INFO 2026-03-14 06:56:34,008 views hospital_profile method is loading done....
INFO 2026-03-15 09:17:18,313 views home method is loading....
INFO 2026-03-15 09:17:18,313 app_api home method is loading....
INFO 2026-03-15 09:17:18,324 app_api home method is loading done....
INFO 2026-03-15 09:17:18,325 views home method is loading done....
INFO 2026-03-15 09:17:23,567 views home method is loading....
INFO 2026-03-15 09:17:23,568 app_api home method is loading....
INFO 2026-03-15 09:17:23,584 app_api home method is loading done....
INFO 2026-03-15 09:17:23,584 views home method is loading done....
INFO 2026-03-15 09:17:25,327 views hospital_profile method is loading....
INFO 2026-03-15 09:17:25,327 app_api states method is loading....
INFO 2026-03-15 09:17:25,327 app_api states method is loading done....
INFO 2026-03-15 09:17:25,327 views hospital_profile method is loading done....
INFO 2026-03-15 09:17:26,546 views app_configuration method is loading....
INFO 2026-03-15 09:17:26,546 app_api app_configuration method is loading....
INFO 2026-03-15 09:17:26,548 app_api app_configuration method is loading done....
INFO 2026-03-15 09:17:26,548 views app_configuration method is loading done....
INFO 2026-03-15 09:17:29,413 views hospital_profile method is loading....
INFO 2026-03-15 09:17:29,414 app_api states method is loading....
INFO 2026-03-15 09:17:29,414 app_api states method is loading done....
INFO 2026-03-15 09:17:29,414 views hospital_profile method is loading done....
INFO 2026-03-15 09:17:31,281 views home method is loading....
INFO 2026-03-15 09:17:31,282 app_api home method is loading....
INFO 2026-03-15 09:17:31,301 app_api home method is loading done....
INFO 2026-03-15 09:17:31,301 views home method is loading done....
INFO 2026-03-15 09:52:23,194 views hospital_profile method is loading....
INFO 2026-03-15 09:52:23,194 app_api states method is loading....
INFO 2026-03-15 09:52:23,195 app_api states method is loading done....
INFO 2026-03-15 09:52:23,195 views hospital_profile method is loading done....
INFO 2026-03-15 09:52:24,735 views app_configuration method is loading....
INFO 2026-03-15 09:52:24,736 app_api app_configuration method is loading....
INFO 2026-03-15 09:52:24,739 app_api app_configuration method is loading done....
INFO 2026-03-15 09:52:24,739 views app_configuration method is loading done....
INFO 2026-03-15 09:59:09,659 views home method is loading....
INFO 2026-03-15 09:59:09,659 app_api home method is loading....
INFO 2026-03-15 09:59:09,676 app_api home method is loading done....
INFO 2026-03-15 09:59:09,676 views home method is loading done....
INFO 2026-03-15 09:59:11,491 views home method is loading....
INFO 2026-03-15 09:59:11,491 app_api home method is loading....
INFO 2026-03-15 09:59:11,500 app_api home method is loading done....
INFO 2026-03-15 09:59:11,500 views home method is loading done....
INFO 2026-03-15 09:59:16,165 views home method is loading....
INFO 2026-03-15 09:59:16,166 app_api home method is loading....
INFO 2026-03-15 09:59:16,184 app_api home method is loading done....
INFO 2026-03-15 09:59:16,184 views home method is loading done....
INFO 2026-03-15 09:59:19,730 views hospital_profile method is loading....
INFO 2026-03-15 09:59:19,730 app_api states method is loading....
INFO 2026-03-15 09:59:19,730 app_api states method is loading done....
INFO 2026-03-15 09:59:19,730 views hospital_profile method is loading done....
INFO 2026-03-15 09:59:21,014 views app_configuration method is loading....
INFO 2026-03-15 09:59:21,015 app_api app_configuration method is loading....
INFO 2026-03-15 09:59:21,017 app_api app_configuration method is loading done....
INFO 2026-03-15 09:59:21,017 views app_configuration method is loading done....
INFO 2026-03-15 10:03:16,187 views signin method is loading....
INFO 2026-03-15 10:03:29,473 views signin method is loading....
INFO 2026-03-15 10:03:40,194 views license_activation method is loading....
INFO 2026-03-15 10:03:40,194 views license_activation method is loading done....
INFO 2026-03-15 10:04:54,522 views license_activation method is loading....
INFO 2026-03-15 20:31:39,615 views home method is loading....
INFO 2026-03-15 20:31:39,615 app_api home method is loading....
INFO 2026-03-15 20:31:39,628 app_api home method is loading done....
INFO 2026-03-15 20:31:39,628 views home method is loading done....
INFO 2026-03-15 20:31:45,508 views home method is loading....
INFO 2026-03-15 20:31:45,509 app_api home method is loading....
INFO 2026-03-15 20:31:45,526 app_api home method is loading done....
INFO 2026-03-15 20:31:45,526 views home method is loading done....
INFO 2026-03-15 20:31:49,675 views home method is loading....
INFO 2026-03-15 20:31:49,675 app_api home method is loading....
INFO 2026-03-15 20:31:49,692 app_api home method is loading done....
INFO 2026-03-15 20:31:49,693 views home method is loading done....
INFO 2026-03-15 20:31:55,659 views home method is loading....
INFO 2026-03-15 20:31:55,659 app_api home method is loading....
INFO 2026-03-15 20:31:55,668 views manuals method is loading....
INFO 2026-03-15 20:31:55,669 app_api manuals method is loading....
INFO 2026-03-15 20:31:55,669 app_api manuals method is loading done....
INFO 2026-03-15 20:31:55,669 views manuals method is loading done....
INFO 2026-03-15 20:31:55,682 app_api home method is loading done....
INFO 2026-03-15 20:31:55,682 views home method is loading done....
INFO 2026-03-15 20:31:57,873 views hospital_profile method is loading....
INFO 2026-03-15 20:31:57,874 app_api states method is loading....
INFO 2026-03-15 20:31:57,874 app_api states method is loading done....
INFO 2026-03-15 20:31:57,874 views hospital_profile method is loading done....
INFO 2026-03-15 20:31:59,374 views app_configuration method is loading....
INFO 2026-03-15 20:31:59,374 app_api app_configuration method is loading....
INFO 2026-03-15 20:31:59,376 app_api app_configuration method is loading done....
INFO 2026-03-15 20:31:59,376 views app_configuration method is loading done....
INFO 2026-03-15 20:32:02,226 views home method is loading....
INFO 2026-03-15 20:32:02,226 app_api home method is loading....
INFO 2026-03-15 20:32:02,244 app_api home method is loading done....
INFO 2026-03-15 20:32:02,244 views home method is loading done....
INFO 2026-03-15 21:24:22,854 views signin method is loading....
INFO 2026-03-15 21:24:22,866 views signin method is loading done....
INFO 2026-03-15 21:24:32,593 views signin method is loading....
INFO 2026-03-15 21:24:32,594 app_api user_signin method is loading....
INFO 2026-03-15 21:24:32,741 app_api user_signin method is loading done....
INFO 2026-03-15 21:24:32,756 views home method is loading....
INFO 2026-03-15 21:24:32,756 app_api home method is loading....
INFO 2026-03-15 21:24:32,762 app_api home method is loading done....
INFO 2026-03-15 21:24:32,762 views home method is loading done....
INFO 2026-03-15 21:24:43,307 views hospital_profile method is loading....
INFO 2026-03-15 21:24:43,307 app_api states method is loading....
INFO 2026-03-15 21:24:43,307 app_api states method is loading done....
INFO 2026-03-15 21:24:43,307 views hospital_profile method is loading done....
INFO 2026-03-15 21:24:45,653 views app_configuration method is loading....
INFO 2026-03-15 21:24:45,653 app_api app_configuration method is loading....
INFO 2026-03-15 21:24:45,657 app_api app_configuration method is loading done....
INFO 2026-03-15 21:24:45,657 views app_configuration method is loading done....
INFO 2026-03-15 21:24:50,442 views customer_support method is loading....
INFO 2026-03-15 21:24:50,442 app_api customer_support method is loading....
INFO 2026-03-15 21:24:50,442 app_api customer_support method is loading done....
INFO 2026-03-15 21:24:50,442 views customer_support method is loading done....
INFO 2026-03-15 21:24:58,025 views customer_support method is loading....
INFO 2026-03-15 21:24:58,025 app_api customer_support method is loading....
INFO 2026-03-15 21:24:58,025 app_api customer_support method is loading done....
INFO 2026-03-15 21:24:58,025 views customer_support method is loading done....
INFO 2026-03-15 21:24:58,491 views app_configuration method is loading....
INFO 2026-03-15 21:24:58,491 app_api app_configuration method is loading....
INFO 2026-03-15 21:24:58,493 app_api app_configuration method is loading done....
INFO 2026-03-15 21:24:58,493 views app_configuration method is loading done....
INFO 2026-03-15 21:25:04,090 views admin_license_dashboard method is loading....
INFO 2026-03-15 21:25:04,090 views admin_license_dashboard method is loading done....
INFO 2026-03-15 21:25:34,554 views admin_license_dashboard method is loading....
INFO 2026-03-15 21:25:34,556 views admin_license_dashboard method is loading done....
INFO 2026-03-15 21:26:02,290 views admin_license_dashboard method is loading....
INFO 2026-03-15 21:26:02,292 views admin_license_dashboard method is loading done....
INFO 2026-03-15 21:26:28,736 views admin_license_dashboard method is loading....
INFO 2026-03-15 21:26:28,736 views admin_license_dashboard method is loading done....
INFO 2026-03-16 06:01:30,767 views admin_license_dashboard method is loading....
INFO 2026-03-16 06:01:30,770 views admin_license_dashboard method is loading done....
INFO 2026-03-16 06:01:42,254 views admin_license_dashboard method is loading....
INFO 2026-03-16 06:01:42,255 views admin_license_dashboard method is loading done....
INFO 2026-03-16 06:01:55,065 views admin_license_dashboard method is loading....
INFO 2026-03-16 06:01:55,067 views admin_license_dashboard method is loading done....
INFO 2026-03-16 06:02:29,296 views admin_license_dashboard method is loading....
INFO 2026-03-16 06:02:29,300 views admin_license_dashboard method is loading done....
INFO 2026-03-16 06:03:13,413 views admin_license_dashboard method is loading....
INFO 2026-03-16 06:03:13,414 views admin_license_dashboard method is loading done....
INFO 2026-03-16 06:22:02,587 views admin_license_dashboard method is loading....
INFO 2026-03-16 06:22:04,157 views admin_license_dashboard method is loading....
INFO 2026-03-16 06:22:04,158 views admin_license_dashboard method is loading done....
INFO 2026-03-16 06:23:14,411 views admin_license_dashboard method is loading....
INFO 2026-03-16 06:23:14,412 views admin_license_dashboard method is loading done....
INFO 2026-03-16 06:23:18,253 views admin_license_dashboard method is loading....
INFO 2026-03-16 06:23:18,254 views admin_license_dashboard method is loading done....
INFO 2026-03-16 06:23:22,453 views admin_license_dashboard method is loading....
INFO 2026-03-16 06:23:22,454 views admin_license_dashboard method is loading done....
